<?xml version="1.0" encoding="UTF-8"?>
<testng-results ignored="0" total="1" passed="1" failed="0" skipped="0">
  <reporter-output>
  </reporter-output>
  <suite started-at="2020-08-18T21:08:30 PDT" name="com.wbqa" finished-at="2020-08-18T21:08:37 PDT" duration-ms="6883">
    <groups>
    </groups>
    <test started-at="2020-08-18T21:08:30 PDT" name="WhiteBoxQA login page test" finished-at="2020-08-18T21:08:37 PDT" duration-ms="6883">
      <class name="com.wbqa.TestCase.TestLogin">
        <test-method is-config="true" signature="setup()[pri:0, instance:com.wbqa.TestCase.TestLogin@19d37183]" started-at="2020-08-18T21:08:31 PDT" name="setup" finished-at="2020-08-18T21:08:36 PDT" duration-ms="5021" status="PASS">
          <reporter-output>
          </reporter-output>
        </test-method> <!-- setup -->
        <test-method signature="verifyLogin()[pri:0, instance:com.wbqa.TestCase.TestLogin@19d37183]" started-at="2020-08-18T21:08:36 PDT" name="verifyLogin" finished-at="2020-08-18T21:08:37 PDT" duration-ms="1140" status="PASS">
          <reporter-output>
          </reporter-output>
        </test-method> <!-- verifyLogin -->
        <test-method is-config="true" signature="tearDown()[pri:0, instance:com.wbqa.TestCase.TestLogin@19d37183]" started-at="2020-08-18T21:08:37 PDT" name="tearDown" finished-at="2020-08-18T21:08:37 PDT" duration-ms="190" status="PASS">
          <reporter-output>
          </reporter-output>
        </test-method> <!-- tearDown -->
      </class> <!-- com.wbqa.TestCase.TestLogin -->
    </test> <!-- WhiteBoxQA login page test -->
  </suite> <!-- com.wbqa -->
</testng-results>
